<?xml version="1.0" encoding="UTF-8"?>
<testng-results ignored="0" total="3" passed="3" failed="0" skipped="0">
  <reporter-output>
  </reporter-output>
  <suite started-at="2020-10-14T23:34:31Z" name="RegressionAutomatedQA" finished-at="2020-10-14T23:34:47Z" duration-ms="15751">
    <groups>
    </groups>
    <test started-at="2020-10-14T23:34:31Z" name="TC_02_IncorrectLogin" finished-at="2020-10-14T23:34:42Z" duration-ms="10781">
      <class name="loginTest.TC_02_IncorrectLogin">
        <test-method is-config="true" signature="startWebDriver()[pri:0, instance:loginTest.TC_02_IncorrectLogin@25bc0606]" started-at="2020-10-14T18:34:31Z" name="startWebDriver" finished-at="2020-10-14T18:34:38Z" duration-ms="6940" status="PASS">
          <reporter-output>
          </reporter-output>
        </test-method> <!-- startWebDriver -->
        <test-method signature="TC_02()[pri:0, instance:loginTest.TC_02_IncorrectLogin@25bc0606]" started-at="2020-10-14T18:34:38Z" name="TC_02" finished-at="2020-10-14T18:34:41Z" duration-ms="2166" status="PASS">
          <reporter-output>
          </reporter-output>
        </test-method> <!-- TC_02 -->
        <test-method is-config="true" signature="closeDriver()[pri:0, instance:loginTest.TC_02_IncorrectLogin@25bc0606]" started-at="2020-10-14T18:34:41Z" name="closeDriver" finished-at="2020-10-14T18:34:42Z" duration-ms="1608" status="PASS">
          <reporter-output>
          </reporter-output>
        </test-method> <!-- closeDriver -->
      </class> <!-- loginTest.TC_02_IncorrectLogin -->
    </test> <!-- TC_02_IncorrectLogin -->
    <test started-at="2020-10-14T23:34:31Z" name="TC_01_CorrecLogin" finished-at="2020-10-14T23:34:47Z" duration-ms="15163">
      <class name="loginTest.TC_01_CorrecLogin">
        <test-method is-config="true" signature="startWebDriver()[pri:0, instance:loginTest.TC_01_CorrecLogin@23fb172e]" started-at="2020-10-14T18:34:31Z" name="startWebDriver" finished-at="2020-10-14T18:34:39Z" duration-ms="7734" status="PASS">
          <reporter-output>
          </reporter-output>
        </test-method> <!-- startWebDriver -->
        <test-method signature="TC_01()[pri:0, instance:loginTest.TC_01_CorrecLogin@23fb172e]" started-at="2020-10-14T18:34:39Z" name="TC_01" finished-at="2020-10-14T18:34:46Z" duration-ms="6512" status="PASS">
          <reporter-output>
          </reporter-output>
        </test-method> <!-- TC_01 -->
        <test-method is-config="true" signature="closeDriver()[pri:0, instance:loginTest.TC_01_CorrecLogin@23fb172e]" started-at="2020-10-14T18:34:46Z" name="closeDriver" finished-at="2020-10-14T18:34:47Z" duration-ms="847" status="PASS">
          <reporter-output>
          </reporter-output>
        </test-method> <!-- closeDriver -->
      </class> <!-- loginTest.TC_01_CorrecLogin -->
    </test> <!-- TC_01_CorrecLogin -->
    <test started-at="2020-10-14T23:34:31Z" name="TC_03_logout" finished-at="2020-10-14T23:34:47Z" duration-ms="15751">
      <class name="loginTest.TC_03_Logout">
        <test-method is-config="true" signature="startWebDriver()[pri:0, instance:loginTest.TC_03_Logout@1fcb4808]" started-at="2020-10-14T18:34:31Z" name="startWebDriver" finished-at="2020-10-14T18:34:38Z" duration-ms="6661" status="PASS">
          <reporter-output>
          </reporter-output>
        </test-method> <!-- startWebDriver -->
        <test-method signature="TC_03()[pri:0, instance:loginTest.TC_03_Logout@1fcb4808]" started-at="2020-10-14T18:34:38Z" name="TC_03" finished-at="2020-10-14T18:34:46Z" duration-ms="8238" status="PASS">
          <reporter-output>
          </reporter-output>
        </test-method> <!-- TC_03 -->
        <test-method is-config="true" signature="closeDriver()[pri:0, instance:loginTest.TC_03_Logout@1fcb4808]" started-at="2020-10-14T18:34:46Z" name="closeDriver" finished-at="2020-10-14T18:34:47Z" duration-ms="746" status="PASS">
          <reporter-output>
          </reporter-output>
        </test-method> <!-- closeDriver -->
      </class> <!-- loginTest.TC_03_Logout -->
    </test> <!-- TC_03_logout -->
  </suite> <!-- RegressionAutomatedQA -->
</testng-results>
